<?xml version="1.0" encoding="UTF-8"?>
<!-- Generated by org.testng.reporters.JUnitXMLReporter -->
<testsuite hostname="DESKTOP-A15AP0F" ignored="0" name="Default test" tests="7" failures="0" timestamp="2021-07-23T16:25:26 IST" time="64.043" errors="0">
  <testcase name="validateTitle" time="1.201" classname="com.testLayer.TC_002_DashBoardPage"/>
  <testcase name="clickOnAllItems" time="0.847" classname="com.testLayer.TC_002_DashBoardPage"/>
  <testcase name="CountofTotalItem" time="0.046" classname="com.testLayer.TC_002_DashBoardPage"/>
  <testcase name="printDescriptionOfAllItems" time="0.231" classname="com.testLayer.TC_002_DashBoardPage"/>
  <testcase name="checkPresenceOfRobot" time="0.622" classname="com.testLayer.TC_002_DashBoardPage"/>
  <testcase name="sortData" time="0.65" classname="com.testLayer.TC_002_DashBoardPage"/>
  <testcase name="clickOnLogOut" time="0.368" classname="com.testLayer.TC_002_DashBoardPage"/>
</testsuite> <!-- Default test -->
