<?xml version="1.0" encoding="UTF-8"?>
<!-- Generated by org.testng.reporters.JUnitXMLReporter -->
<testsuite hostname="DESKTOP-A15AP0F" ignored="0" name="Test" tests="11" failures="0" timestamp="2021-07-24T16:20:03 IST" time="84.947" errors="0">
  <testcase name="validateTitle" time="3.196" classname="com.testLayer.TC_002_DashBoardPage"/>
  <testcase name="clickOnAllItems" time="1.209" classname="com.testLayer.TC_002_DashBoardPage"/>
  <testcase name="CountofTotalItem" time="0.089" classname="com.testLayer.TC_002_DashBoardPage"/>
  <testcase name="printDescriptionOfAllItems" time="0.506" classname="com.testLayer.TC_002_DashBoardPage"/>
  <testcase name="checkPresenceOfRobot" time="0.296" classname="com.testLayer.TC_002_DashBoardPage"/>
  <testcase name="sortData" time="0.504" classname="com.testLayer.TC_002_DashBoardPage"/>
  <testcase name="clickOnLogOut" time="0.986" classname="com.testLayer.TC_002_DashBoardPage"/>
  <testcase name="validateTitleOfpage" time="0.021" classname="com.testLayer.TC_001_LoginPage"/>
  <testcase name="validateLogo" time="0.128" classname="com.testLayer.TC_001_LoginPage"/>
  <testcase name="loginToApplication" time="1.382" classname="com.testLayer.TC_001_LoginPage"/>
  <testcase name="validateTitleOfDashBoardPage" time="0.021" classname="com.testLayer.TC_001_LoginPage"/>
</testsuite> <!-- Test -->
